{"C:\\Users\\juanp\\OneDrive\\Documentos\\Programacion\\AprendiendoAngular\\.Actuales\\GestionaTuGim_Final\\app\\error\\ErrorExternoAlPasarParams.ts": {"path":"C:\\Users\\juanp\\OneDrive\\Documentos\\Programacion\\AprendiendoAngular\\.Actuales\\GestionaTuGim_Final\\app\\error\\ErrorExternoAlPasarParams.ts","statementMap":{"0":{"start":{"line":4,"column":8},"end":{"line":4,"column":22}}},"fnMap":{"0":{"name":"(anonymous_0)","decl":{"start":{"line":3,"column":4},"end":{"line":3,"column":5}},"loc":{"start":{"line":3,"column":34},"end":{"line":5,"column":5}},"line":3}},"branchMap":{},"s":{"0":7},"f":{"0":7},"b":{},"_coverageSchema":"1a1c01bbd47fc00a2c39e90264f33305004495a9","hash":"48a66fc474337a6899876f619719366c14649d74"}
,"C:\\Users\\juanp\\OneDrive\\Documentos\\Programacion\\AprendiendoAngular\\.Actuales\\GestionaTuGim_Final\\app\\interfaces\\ISuscripciones.ts": {"path":"C:\\Users\\juanp\\OneDrive\\Documentos\\Programacion\\AprendiendoAngular\\.Actuales\\GestionaTuGim_Final\\app\\interfaces\\ISuscripciones.ts","statementMap":{},"fnMap":{},"branchMap":{},"s":{},"f":{},"b":{},"_coverageSchema":"1a1c01bbd47fc00a2c39e90264f33305004495a9","hash":"7d57731ce143fe6ca14e3ceeb6f7135b37df563e"}
,"C:\\Users\\juanp\\OneDrive\\Documentos\\Programacion\\AprendiendoAngular\\.Actuales\\GestionaTuGim_Final\\app\\models\\main\\pago\\Pago.ts": {"path":"C:\\Users\\juanp\\OneDrive\\Documentos\\Programacion\\AprendiendoAngular\\.Actuales\\GestionaTuGim_Final\\app\\models\\main\\pago\\Pago.ts","statementMap":{"0":{"start":{"line":21,"column":8},"end":{"line":21,"column":52}},"1":{"start":{"line":22,"column":8},"end":{"line":22,"column":58}},"2":{"start":{"line":23,"column":8},"end":{"line":23,"column":51}},"3":{"start":{"line":24,"column":8},"end":{"line":24,"column":45}},"4":{"start":{"line":25,"column":8},"end":{"line":25,"column":36}},"5":{"start":{"line":26,"column":8},"end":{"line":26,"column":48}},"6":{"start":{"line":33,"column":8},"end":{"line":35,"column":9}},"7":{"start":{"line":34,"column":12},"end":{"line":34,"column":98}},"8":{"start":{"line":37,"column":8},"end":{"line":37,"column":37}},"9":{"start":{"line":42,"column":8},"end":{"line":42,"column":32}},"10":{"start":{"line":47,"column":8},"end":{"line":47,"column":47}},"11":{"start":{"line":51,"column":8},"end":{"line":51,"column":36}},"12":{"start":{"line":57,"column":8},"end":{"line":59,"column":9}},"13":{"start":{"line":58,"column":12},"end":{"line":58,"column":127}},"14":{"start":{"line":61,"column":8},"end":{"line":61,"column":44}},"15":{"start":{"line":65,"column":8},"end":{"line":65,"column":34}},"16":{"start":{"line":71,"column":8},"end":{"line":71,"column":38}},"17":{"start":{"line":75,"column":8},"end":{"line":75,"column":32}},"18":{"start":{"line":81,"column":8},"end":{"line":81,"column":52}},"19":{"start":{"line":85,"column":8},"end":{"line":85,"column":39}},"20":{"start":{"line":90,"column":8},"end":{"line":90,"column":24}},"21":{"start":{"line":96,"column":8},"end":{"line":96,"column":32}},"22":{"start":{"line":100,"column":8},"end":{"line":100,"column":29}},"23":{"start":{"line":105,"column":8},"end":{"line":105,"column":38}},"24":{"start":{"line":109,"column":8},"end":{"line":109,"column":32}},"25":{"start":{"line":114,"column":10},"end":{"line":114,"column":255}}},"fnMap":{"0":{"name":"(anonymous_0)","decl":{"start":{"line":20,"column":4},"end":{"line":20,"column":5}},"loc":{"start":{"line":20,"column":18},"end":{"line":27,"column":5}},"line":20},"1":{"name":"(anonymous_1)","decl":{"start":{"line":30,"column":4},"end":{"line":30,"column":5}},"loc":{"start":{"line":30,"column":54},"end":{"line":39,"column":5}},"line":30},"2":{"name":"(anonymous_2)","decl":{"start":{"line":41,"column":4},"end":{"line":41,"column":5}},"loc":{"start":{"line":41,"column":45},"end":{"line":43,"column":5}},"line":41},"3":{"name":"(anonymous_3)","decl":{"start":{"line":46,"column":4},"end":{"line":46,"column":5}},"loc":{"start":{"line":46,"column":59},"end":{"line":48,"column":5}},"line":46},"4":{"name":"(anonymous_4)","decl":{"start":{"line":50,"column":4},"end":{"line":50,"column":5}},"loc":{"start":{"line":50,"column":44},"end":{"line":52,"column":5}},"line":50},"5":{"name":"(anonymous_5)","decl":{"start":{"line":55,"column":4},"end":{"line":55,"column":5}},"loc":{"start":{"line":55,"column":43},"end":{"line":62,"column":5}},"line":55},"6":{"name":"(anonymous_6)","decl":{"start":{"line":64,"column":4},"end":{"line":64,"column":5}},"loc":{"start":{"line":64,"column":30},"end":{"line":66,"column":5}},"line":64},"7":{"name":"(anonymous_7)","decl":{"start":{"line":70,"column":4},"end":{"line":70,"column":5}},"loc":{"start":{"line":70,"column":44},"end":{"line":72,"column":5}},"line":70},"8":{"name":"(anonymous_8)","decl":{"start":{"line":74,"column":4},"end":{"line":74,"column":5}},"loc":{"start":{"line":74,"column":35},"end":{"line":76,"column":5}},"line":74},"9":{"name":"(anonymous_9)","decl":{"start":{"line":79,"column":4},"end":{"line":79,"column":5}},"loc":{"start":{"line":79,"column":57},"end":{"line":82,"column":5}},"line":79},"10":{"name":"(anonymous_10)","decl":{"start":{"line":84,"column":4},"end":{"line":84,"column":5}},"loc":{"start":{"line":84,"column":40},"end":{"line":86,"column":5}},"line":84},"11":{"name":"(anonymous_11)","decl":{"start":{"line":89,"column":4},"end":{"line":89,"column":5}},"loc":{"start":{"line":89,"column":21},"end":{"line":91,"column":5}},"line":89},"12":{"name":"(anonymous_12)","decl":{"start":{"line":95,"column":4},"end":{"line":95,"column":5}},"loc":{"start":{"line":95,"column":34},"end":{"line":97,"column":5}},"line":95},"13":{"name":"(anonymous_13)","decl":{"start":{"line":99,"column":4},"end":{"line":99,"column":5}},"loc":{"start":{"line":99,"column":26},"end":{"line":101,"column":5}},"line":99},"14":{"name":"(anonymous_14)","decl":{"start":{"line":104,"column":4},"end":{"line":104,"column":5}},"loc":{"start":{"line":104,"column":44},"end":{"line":106,"column":5}},"line":104},"15":{"name":"(anonymous_15)","decl":{"start":{"line":108,"column":4},"end":{"line":108,"column":5}},"loc":{"start":{"line":108,"column":33},"end":{"line":110,"column":5}},"line":108},"16":{"name":"(anonymous_16)","decl":{"start":{"line":113,"column":4},"end":{"line":113,"column":5}},"loc":{"start":{"line":113,"column":23},"end":{"line":115,"column":7}},"line":113}},"branchMap":{"0":{"loc":{"start":{"line":33,"column":8},"end":{"line":35,"column":9}},"type":"if","locations":[{"start":{"line":33,"column":8},"end":{"line":35,"column":9}},{"start":{},"end":{}}],"line":33},"1":{"loc":{"start":{"line":57,"column":8},"end":{"line":59,"column":9}},"type":"if","locations":[{"start":{"line":57,"column":8},"end":{"line":59,"column":9}},{"start":{},"end":{}}],"line":57},"2":{"loc":{"start":{"line":57,"column":12},"end":{"line":57,"column":80}},"type":"binary-expr","locations":[{"start":{"line":57,"column":12},"end":{"line":57,"column":44}},{"start":{"line":57,"column":48},"end":{"line":57,"column":80}}],"line":57}},"s":{"0":29,"1":29,"2":29,"3":29,"4":29,"5":29,"6":9,"7":1,"8":8,"9":6,"10":8,"11":4,"12":10,"13":2,"14":8,"15":5,"16":8,"17":4,"18":14,"19":5,"20":2,"21":13,"22":4,"23":8,"24":8,"25":10},"f":{"0":29,"1":9,"2":6,"3":8,"4":4,"5":10,"6":5,"7":8,"8":4,"9":14,"10":5,"11":2,"12":13,"13":4,"14":8,"15":8,"16":10},"b":{"0":[1,8],"1":[2,8],"2":[10,9]},"_coverageSchema":"1a1c01bbd47fc00a2c39e90264f33305004495a9","hash":"35af4c0a9e7ee14e1f06ab15d2d8d2baec30794e"}
,"C:\\Users\\juanp\\OneDrive\\Documentos\\Programacion\\AprendiendoAngular\\.Actuales\\GestionaTuGim_Final\\app\\models\\main\\pagoFilter\\PagoFilter.ts": {"path":"C:\\Users\\juanp\\OneDrive\\Documentos\\Programacion\\AprendiendoAngular\\.Actuales\\GestionaTuGim_Final\\app\\models\\main\\pagoFilter\\PagoFilter.ts","statementMap":{"0":{"start":{"line":6,"column":20},"end":{"line":6,"column":38}},"1":{"start":{"line":17,"column":8},"end":{"line":17,"column":54}},"2":{"start":{"line":18,"column":8},"end":{"line":18,"column":54}},"3":{"start":{"line":19,"column":8},"end":{"line":19,"column":61}},"4":{"start":{"line":20,"column":8},"end":{"line":20,"column":61}},"5":{"start":{"line":21,"column":8},"end":{"line":21,"column":44}},"6":{"start":{"line":26,"column":8},"end":{"line":26,"column":38}},"7":{"start":{"line":30,"column":8},"end":{"line":30,"column":32}},"8":{"start":{"line":35,"column":8},"end":{"line":35,"column":48}},"9":{"start":{"line":39,"column":8},"end":{"line":39,"column":37}},"10":{"start":{"line":45,"column":8},"end":{"line":45,"column":98}},"11":{"start":{"line":46,"column":8},"end":{"line":48,"column":9}},"12":{"start":{"line":47,"column":12},"end":{"line":47,"column":142}},"13":{"start":{"line":49,"column":8},"end":{"line":49,"column":54}},"14":{"start":{"line":53,"column":8},"end":{"line":53,"column":39}},"15":{"start":{"line":58,"column":8},"end":{"line":58,"column":98}},"16":{"start":{"line":59,"column":9},"end":{"line":61,"column":9}},"17":{"start":{"line":60,"column":12},"end":{"line":60,"column":142}},"18":{"start":{"line":62,"column":8},"end":{"line":62,"column":54}},"19":{"start":{"line":66,"column":8},"end":{"line":66,"column":39}},"20":{"start":{"line":71,"column":8},"end":{"line":71,"column":38}},"21":{"start":{"line":75,"column":8},"end":{"line":75,"column":32}}},"fnMap":{"0":{"name":"(anonymous_0)","decl":{"start":{"line":16,"column":4},"end":{"line":16,"column":5}},"loc":{"start":{"line":16,"column":18},"end":{"line":22,"column":5}},"line":16},"1":{"name":"(anonymous_1)","decl":{"start":{"line":25,"column":4},"end":{"line":25,"column":5}},"loc":{"start":{"line":25,"column":54},"end":{"line":27,"column":5}},"line":25},"2":{"name":"(anonymous_2)","decl":{"start":{"line":29,"column":4},"end":{"line":29,"column":5}},"loc":{"start":{"line":29,"column":21},"end":{"line":31,"column":5}},"line":29},"3":{"name":"(anonymous_3)","decl":{"start":{"line":34,"column":4},"end":{"line":34,"column":5}},"loc":{"start":{"line":34,"column":59},"end":{"line":36,"column":5}},"line":34},"4":{"name":"(anonymous_4)","decl":{"start":{"line":38,"column":4},"end":{"line":38,"column":5}},"loc":{"start":{"line":38,"column":26},"end":{"line":40,"column":5}},"line":38},"5":{"name":"(anonymous_5)","decl":{"start":{"line":43,"column":4},"end":{"line":43,"column":5}},"loc":{"start":{"line":43,"column":53},"end":{"line":50,"column":5}},"line":43},"6":{"name":"(anonymous_6)","decl":{"start":{"line":52,"column":4},"end":{"line":52,"column":5}},"loc":{"start":{"line":52,"column":29},"end":{"line":54,"column":5}},"line":52},"7":{"name":"(anonymous_7)","decl":{"start":{"line":56,"column":4},"end":{"line":56,"column":5}},"loc":{"start":{"line":56,"column":53},"end":{"line":63,"column":5}},"line":56},"8":{"name":"(anonymous_8)","decl":{"start":{"line":65,"column":4},"end":{"line":65,"column":5}},"loc":{"start":{"line":65,"column":29},"end":{"line":67,"column":5}},"line":65},"9":{"name":"(anonymous_9)","decl":{"start":{"line":70,"column":4},"end":{"line":70,"column":5}},"loc":{"start":{"line":70,"column":44},"end":{"line":72,"column":5}},"line":70},"10":{"name":"(anonymous_10)","decl":{"start":{"line":74,"column":4},"end":{"line":74,"column":5}},"loc":{"start":{"line":74,"column":21},"end":{"line":76,"column":5}},"line":74}},"branchMap":{"0":{"loc":{"start":{"line":46,"column":8},"end":{"line":48,"column":9}},"type":"if","locations":[{"start":{"line":46,"column":8},"end":{"line":48,"column":9}},{"start":{},"end":{}}],"line":46},"1":{"loc":{"start":{"line":46,"column":12},"end":{"line":46,"column":100}},"type":"binary-expr","locations":[{"start":{"line":46,"column":12},"end":{"line":46,"column":54}},{"start":{"line":46,"column":58},"end":{"line":46,"column":100}}],"line":46},"2":{"loc":{"start":{"line":59,"column":9},"end":{"line":61,"column":9}},"type":"if","locations":[{"start":{"line":59,"column":9},"end":{"line":61,"column":9}},{"start":{},"end":{}}],"line":59},"3":{"loc":{"start":{"line":59,"column":13},"end":{"line":59,"column":101}},"type":"binary-expr","locations":[{"start":{"line":59,"column":13},"end":{"line":59,"column":55}},{"start":{"line":59,"column":59},"end":{"line":59,"column":101}}],"line":59}},"s":{"0":1,"1":10,"2":10,"3":10,"4":10,"5":10,"6":1,"7":2,"8":1,"9":2,"10":3,"11":3,"12":2,"13":1,"14":2,"15":1,"16":1,"17":0,"18":1,"19":2,"20":1,"21":2},"f":{"0":10,"1":1,"2":2,"3":1,"4":2,"5":3,"6":2,"7":1,"8":2,"9":1,"10":2},"b":{"0":[2,1],"1":[3,2],"2":[0,1],"3":[1,1]},"_coverageSchema":"1a1c01bbd47fc00a2c39e90264f33305004495a9","hash":"39623cf5af7002a0a51514578b6ef2e8d2d34150"}
,"C:\\Users\\juanp\\OneDrive\\Documentos\\Programacion\\AprendiendoAngular\\.Actuales\\GestionaTuGim_Final\\app\\models\\main\\suscripcion\\Suscripcion.ts": {"path":"C:\\Users\\juanp\\OneDrive\\Documentos\\Programacion\\AprendiendoAngular\\.Actuales\\GestionaTuGim_Final\\app\\models\\main\\suscripcion\\Suscripcion.ts","statementMap":{"0":{"start":{"line":11,"column":8},"end":{"line":11,"column":48}},"1":{"start":{"line":12,"column":8},"end":{"line":12,"column":46}},"2":{"start":{"line":17,"column":8},"end":{"line":17,"column":29}},"3":{"start":{"line":21,"column":8},"end":{"line":21,"column":28}},"4":{"start":{"line":26,"column":8},"end":{"line":28,"column":9}},"5":{"start":{"line":27,"column":12},"end":{"line":27,"column":74}},"6":{"start":{"line":30,"column":8},"end":{"line":30,"column":28}},"7":{"start":{"line":34,"column":8},"end":{"line":34,"column":27}}},"fnMap":{"0":{"name":"(anonymous_0)","decl":{"start":{"line":10,"column":4},"end":{"line":10,"column":5}},"loc":{"start":{"line":10,"column":18},"end":{"line":13,"column":5}},"line":10},"1":{"name":"(anonymous_1)","decl":{"start":{"line":16,"column":4},"end":{"line":16,"column":5}},"loc":{"start":{"line":16,"column":41},"end":{"line":18,"column":5}},"line":16},"2":{"name":"(anonymous_2)","decl":{"start":{"line":20,"column":4},"end":{"line":20,"column":5}},"loc":{"start":{"line":20,"column":17},"end":{"line":22,"column":5}},"line":20},"3":{"name":"(anonymous_3)","decl":{"start":{"line":25,"column":4},"end":{"line":25,"column":5}},"loc":{"start":{"line":25,"column":44},"end":{"line":31,"column":5}},"line":25},"4":{"name":"(anonymous_4)","decl":{"start":{"line":33,"column":4},"end":{"line":33,"column":5}},"loc":{"start":{"line":33,"column":16},"end":{"line":35,"column":5}},"line":33}},"branchMap":{"0":{"loc":{"start":{"line":26,"column":8},"end":{"line":28,"column":9}},"type":"if","locations":[{"start":{"line":26,"column":8},"end":{"line":28,"column":9}},{"start":{},"end":{}}],"line":26}},"s":{"0":65,"1":65,"2":0,"3":0,"4":1,"5":0,"6":1,"7":1},"f":{"0":65,"1":0,"2":0,"3":1,"4":1},"b":{"0":[0,1]},"_coverageSchema":"1a1c01bbd47fc00a2c39e90264f33305004495a9","hash":"1ade84e4156e52e388dd3c3b241f927626b71b36"}
,"C:\\Users\\juanp\\OneDrive\\Documentos\\Programacion\\AprendiendoAngular\\.Actuales\\GestionaTuGim_Final\\app\\models\\main\\suscriptor\\Suscriptor.ts": {"path":"C:\\Users\\juanp\\OneDrive\\Documentos\\Programacion\\AprendiendoAngular\\.Actuales\\GestionaTuGim_Final\\app\\models\\main\\suscriptor\\Suscriptor.ts","statementMap":{"0":{"start":{"line":22,"column":8},"end":{"line":22,"column":47}},"1":{"start":{"line":23,"column":8},"end":{"line":23,"column":50}},"2":{"start":{"line":24,"column":8},"end":{"line":24,"column":57}},"3":{"start":{"line":25,"column":8},"end":{"line":25,"column":42}},"4":{"start":{"line":26,"column":8},"end":{"line":26,"column":55}},"5":{"start":{"line":31,"column":8},"end":{"line":31,"column":30}},"6":{"start":{"line":35,"column":8},"end":{"line":35,"column":28}},"7":{"start":{"line":40,"column":8},"end":{"line":40,"column":34}},"8":{"start":{"line":44,"column":8},"end":{"line":44,"column":30}},"9":{"start":{"line":49,"column":8},"end":{"line":51,"column":9}},"10":{"start":{"line":50,"column":12},"end":{"line":50,"column":153}},"11":{"start":{"line":52,"column":8},"end":{"line":52,"column":48}},"12":{"start":{"line":56,"column":8},"end":{"line":56,"column":37}},"13":{"start":{"line":61,"column":8},"end":{"line":61,"column":24}},"14":{"start":{"line":65,"column":8},"end":{"line":65,"column":25}},"15":{"start":{"line":70,"column":8},"end":{"line":70,"column":30}},"16":{"start":{"line":74,"column":8},"end":{"line":74,"column":28}},"17":{"start":{"line":79,"column":8},"end":{"line":79,"column":48}},"18":{"start":{"line":83,"column":8},"end":{"line":83,"column":37}},"19":{"start":{"line":88,"column":8},"end":{"line":88,"column":33}},"20":{"start":{"line":94,"column":8},"end":{"line":94,"column":23}},"21":{"start":{"line":99,"column":8},"end":{"line":99,"column":72}},"22":{"start":{"line":103,"column":8},"end":{"line":103,"column":49}},"23":{"start":{"line":113,"column":25},"end":{"line":113,"column":93}},"24":{"start":{"line":115,"column":8},"end":{"line":115,"column":55}},"25":{"start":{"line":117,"column":8},"end":{"line":117,"column":49}},"26":{"start":{"line":121,"column":8},"end":{"line":121,"column":255}}},"fnMap":{"0":{"name":"(anonymous_0)","decl":{"start":{"line":21,"column":4},"end":{"line":21,"column":5}},"loc":{"start":{"line":21,"column":18},"end":{"line":27,"column":5}},"line":21},"1":{"name":"(anonymous_1)","decl":{"start":{"line":30,"column":4},"end":{"line":30,"column":5}},"loc":{"start":{"line":30,"column":31},"end":{"line":32,"column":5}},"line":30},"2":{"name":"(anonymous_2)","decl":{"start":{"line":34,"column":4},"end":{"line":34,"column":5}},"loc":{"start":{"line":34,"column":17},"end":{"line":36,"column":5}},"line":34},"3":{"name":"(anonymous_3)","decl":{"start":{"line":39,"column":4},"end":{"line":39,"column":5}},"loc":{"start":{"line":39,"column":35},"end":{"line":41,"column":5}},"line":39},"4":{"name":"(anonymous_4)","decl":{"start":{"line":43,"column":4},"end":{"line":43,"column":5}},"loc":{"start":{"line":43,"column":19},"end":{"line":45,"column":5}},"line":43},"5":{"name":"(anonymous_5)","decl":{"start":{"line":48,"column":4},"end":{"line":48,"column":5}},"loc":{"start":{"line":48,"column":47},"end":{"line":53,"column":5}},"line":48},"6":{"name":"(anonymous_6)","decl":{"start":{"line":55,"column":4},"end":{"line":55,"column":5}},"loc":{"start":{"line":55,"column":26},"end":{"line":57,"column":5}},"line":55},"7":{"name":"(anonymous_7)","decl":{"start":{"line":60,"column":4},"end":{"line":60,"column":5}},"loc":{"start":{"line":60,"column":25},"end":{"line":62,"column":5}},"line":60},"8":{"name":"(anonymous_8)","decl":{"start":{"line":64,"column":4},"end":{"line":64,"column":5}},"loc":{"start":{"line":64,"column":14},"end":{"line":66,"column":5}},"line":64},"9":{"name":"(anonymous_9)","decl":{"start":{"line":69,"column":4},"end":{"line":69,"column":5}},"loc":{"start":{"line":69,"column":42},"end":{"line":71,"column":5}},"line":69},"10":{"name":"(anonymous_10)","decl":{"start":{"line":73,"column":4},"end":{"line":73,"column":5}},"loc":{"start":{"line":73,"column":35},"end":{"line":75,"column":5}},"line":73},"11":{"name":"(anonymous_11)","decl":{"start":{"line":78,"column":4},"end":{"line":78,"column":5}},"loc":{"start":{"line":78,"column":60},"end":{"line":80,"column":5}},"line":78},"12":{"name":"(anonymous_12)","decl":{"start":{"line":82,"column":4},"end":{"line":82,"column":5}},"loc":{"start":{"line":82,"column":45},"end":{"line":84,"column":5}},"line":82},"13":{"name":"(anonymous_13)","decl":{"start":{"line":87,"column":4},"end":{"line":87,"column":5}},"loc":{"start":{"line":87,"column":21},"end":{"line":89,"column":5}},"line":87},"14":{"name":"(anonymous_14)","decl":{"start":{"line":93,"column":4},"end":{"line":93,"column":5}},"loc":{"start":{"line":93,"column":22},"end":{"line":95,"column":5}},"line":93},"15":{"name":"(anonymous_15)","decl":{"start":{"line":98,"column":4},"end":{"line":98,"column":5}},"loc":{"start":{"line":98,"column":71},"end":{"line":100,"column":5}},"line":98},"16":{"name":"(anonymous_16)","decl":{"start":{"line":102,"column":4},"end":{"line":102,"column":5}},"loc":{"start":{"line":102,"column":43},"end":{"line":104,"column":5}},"line":102},"17":{"name":"(anonymous_17)","decl":{"start":{"line":111,"column":4},"end":{"line":111,"column":5}},"loc":{"start":{"line":111,"column":99},"end":{"line":118,"column":5}},"line":111},"18":{"name":"(anonymous_18)","decl":{"start":{"line":120,"column":4},"end":{"line":120,"column":5}},"loc":{"start":{"line":120,"column":23},"end":{"line":122,"column":5}},"line":120}},"branchMap":{"0":{"loc":{"start":{"line":49,"column":8},"end":{"line":51,"column":9}},"type":"if","locations":[{"start":{"line":49,"column":8},"end":{"line":51,"column":9}},{"start":{},"end":{}}],"line":49},"1":{"loc":{"start":{"line":49,"column":12},"end":{"line":49,"column":88}},"type":"binary-expr","locations":[{"start":{"line":49,"column":12},"end":{"line":49,"column":48}},{"start":{"line":49,"column":52},"end":{"line":49,"column":88}}],"line":49},"2":{"loc":{"start":{"line":111,"column":31},"end":{"line":111,"column":97}},"type":"default-arg","locations":[{"start":{"line":111,"column":57},"end":{"line":111,"column":97}}],"line":111}},"s":{"0":27,"1":27,"2":27,"3":27,"4":27,"5":7,"6":5,"7":1,"8":1,"9":5,"10":2,"11":3,"12":1,"13":3,"14":1,"15":1,"16":3,"17":6,"18":17,"19":1,"20":3,"21":5,"22":4,"23":9,"24":9,"25":9,"26":14},"f":{"0":27,"1":7,"2":5,"3":1,"4":1,"5":5,"6":1,"7":3,"8":1,"9":1,"10":3,"11":6,"12":17,"13":1,"14":3,"15":5,"16":4,"17":9,"18":14},"b":{"0":[2,3],"1":[5,4],"2":[1]},"_coverageSchema":"1a1c01bbd47fc00a2c39e90264f33305004495a9","hash":"4c3b8a397bf3b9e2dfa773d3213092165349d7d9"}
,"C:\\Users\\juanp\\OneDrive\\Documentos\\Programacion\\AprendiendoAngular\\.Actuales\\GestionaTuGim_Final\\app\\models\\main\\usuario\\Usuario.ts": {"path":"C:\\Users\\juanp\\OneDrive\\Documentos\\Programacion\\AprendiendoAngular\\.Actuales\\GestionaTuGim_Final\\app\\models\\main\\usuario\\Usuario.ts","statementMap":{"0":{"start":{"line":10,"column":8},"end":{"line":10,"column":46}},"1":{"start":{"line":11,"column":8},"end":{"line":11,"column":38}},"2":{"start":{"line":15,"column":8},"end":{"line":15,"column":30}},"3":{"start":{"line":19,"column":8},"end":{"line":19,"column":27}},"4":{"start":{"line":24,"column":8},"end":{"line":24,"column":28}},"5":{"start":{"line":28,"column":8},"end":{"line":28,"column":27}},"6":{"start":{"line":33,"column":8},"end":{"line":33,"column":24}}},"fnMap":{"0":{"name":"(anonymous_0)","decl":{"start":{"line":9,"column":4},"end":{"line":9,"column":5}},"loc":{"start":{"line":9,"column":18},"end":{"line":12,"column":5}},"line":9},"1":{"name":"(anonymous_1)","decl":{"start":{"line":14,"column":4},"end":{"line":14,"column":5}},"loc":{"start":{"line":14,"column":31},"end":{"line":16,"column":5}},"line":14},"2":{"name":"(anonymous_2)","decl":{"start":{"line":18,"column":4},"end":{"line":18,"column":5}},"loc":{"start":{"line":18,"column":26},"end":{"line":20,"column":5}},"line":18},"3":{"name":"(anonymous_3)","decl":{"start":{"line":23,"column":4},"end":{"line":23,"column":5}},"loc":{"start":{"line":23,"column":29},"end":{"line":25,"column":5}},"line":23},"4":{"name":"(anonymous_4)","decl":{"start":{"line":27,"column":4},"end":{"line":27,"column":5}},"loc":{"start":{"line":27,"column":25},"end":{"line":29,"column":5}},"line":27},"5":{"name":"(anonymous_5)","decl":{"start":{"line":32,"column":4},"end":{"line":32,"column":5}},"loc":{"start":{"line":32,"column":22},"end":{"line":34,"column":5}},"line":32}},"branchMap":{},"s":{"0":19,"1":19,"2":12,"3":6,"4":12,"5":1,"6":2},"f":{"0":19,"1":12,"2":6,"3":12,"4":1,"5":2},"b":{},"_coverageSchema":"1a1c01bbd47fc00a2c39e90264f33305004495a9","hash":"4360cc9c3e4e4cf91b10e60487e147d7e7b02fda"}
,"C:\\Users\\juanp\\OneDrive\\Documentos\\Programacion\\AprendiendoAngular\\.Actuales\\GestionaTuGim_Final\\app\\services\\PagadorService.ts": {"path":"C:\\Users\\juanp\\OneDrive\\Documentos\\Programacion\\AprendiendoAngular\\.Actuales\\GestionaTuGim_Final\\app\\services\\PagadorService.ts","statementMap":{},"fnMap":{},"branchMap":{},"s":{},"f":{},"b":{},"_coverageSchema":"1a1c01bbd47fc00a2c39e90264f33305004495a9","hash":"21d58da3eb6e77fc118a8729c25c15c7cdc05e94"}
,"C:\\Users\\juanp\\OneDrive\\Documentos\\Programacion\\AprendiendoAngular\\.Actuales\\GestionaTuGim_Final\\app\\utils\\ConfiguracionesENV.ts": {"path":"C:\\Users\\juanp\\OneDrive\\Documentos\\Programacion\\AprendiendoAngular\\.Actuales\\GestionaTuGim_Final\\app\\utils\\ConfiguracionesENV.ts","statementMap":{"0":{"start":{"line":7,"column":40},"end":{"line":7,"column":50}},"1":{"start":{"line":10,"column":36},"end":{"line":10,"column":58}},"2":{"start":{"line":11,"column":36},"end":{"line":11,"column":58}},"3":{"start":{"line":14,"column":41},"end":{"line":14,"column":63}},"4":{"start":{"line":15,"column":41},"end":{"line":15,"column":63}},"5":{"start":{"line":16,"column":45},"end":{"line":16,"column":66}},"6":{"start":{"line":19,"column":41},"end":{"line":19,"column":63}},"7":{"start":{"line":20,"column":41},"end":{"line":20,"column":63}},"8":{"start":{"line":21,"column":45},"end":{"line":21,"column":66}},"9":{"start":{"line":24,"column":12},"end":{"line":24,"column":22}},"10":{"start":{"line":25,"column":11},"end":{"line":25,"column":30}},"11":{"start":{"line":26,"column":38},"end":{"line":26,"column":58}},"12":{"start":{"line":27,"column":39},"end":{"line":27,"column":58}},"13":{"start":{"line":30,"column":54},"end":{"line":30,"column":83}},"14":{"start":{"line":33,"column":62},"end":{"line":33,"column":86}},"15":{"start":{"line":36,"column":44},"end":{"line":36,"column":64}},"16":{"start":{"line":39,"column":45},"end":{"line":39,"column":62}},"17":{"start":{"line":40,"column":60},"end":{"line":40,"column":89}},"18":{"start":{"line":41,"column":56},"end":{"line":41,"column":80}},"19":{"start":{"line":44,"column":56},"end":{"line":44,"column":80}},"20":{"start":{"line":48,"column":62},"end":{"line":48,"column":64}}},"fnMap":{},"branchMap":{},"s":{"0":6,"1":6,"2":6,"3":6,"4":6,"5":6,"6":6,"7":6,"8":6,"9":6,"10":6,"11":6,"12":6,"13":6,"14":6,"15":6,"16":6,"17":6,"18":6,"19":6,"20":6},"f":{},"b":{},"_coverageSchema":"1a1c01bbd47fc00a2c39e90264f33305004495a9","hash":"381b9df944e60b362124c585999f3fd076fe6765"}
,"C:\\Users\\juanp\\OneDrive\\Documentos\\Programacion\\AprendiendoAngular\\.Actuales\\GestionaTuGim_Final\\app\\utils\\CustomLogger.ts": {"path":"C:\\Users\\juanp\\OneDrive\\Documentos\\Programacion\\AprendiendoAngular\\.Actuales\\GestionaTuGim_Final\\app\\utils\\CustomLogger.ts","statementMap":{"0":{"start":{"line":5,"column":8},"end":{"line":5,"column":29}},"1":{"start":{"line":9,"column":8},"end":{"line":9,"column":30}},"2":{"start":{"line":13,"column":8},"end":{"line":13,"column":38}}},"fnMap":{"0":{"name":"(anonymous_0)","decl":{"start":{"line":2,"column":4},"end":{"line":2,"column":5}},"loc":{"start":{"line":2,"column":18},"end":{"line":2,"column":21}},"line":2},"1":{"name":"(anonymous_1)","decl":{"start":{"line":4,"column":4},"end":{"line":4,"column":5}},"loc":{"start":{"line":4,"column":30},"end":{"line":6,"column":5}},"line":4},"2":{"name":"(anonymous_2)","decl":{"start":{"line":8,"column":4},"end":{"line":8,"column":5}},"loc":{"start":{"line":8,"column":30},"end":{"line":10,"column":5}},"line":8},"3":{"name":"(anonymous_3)","decl":{"start":{"line":12,"column":4},"end":{"line":12,"column":5}},"loc":{"start":{"line":12,"column":45},"end":{"line":14,"column":5}},"line":12}},"branchMap":{},"s":{"0":0,"1":21,"2":0},"f":{"0":9,"1":0,"2":21,"3":0},"b":{},"_coverageSchema":"1a1c01bbd47fc00a2c39e90264f33305004495a9","hash":"c9b31bea65e9e2842083223d1d1a3eabea307cb5"}
,"C:\\Users\\juanp\\OneDrive\\Documentos\\Programacion\\AprendiendoAngular\\.Actuales\\GestionaTuGim_Final\\app\\utils\\helpers.ts": {"path":"C:\\Users\\juanp\\OneDrive\\Documentos\\Programacion\\AprendiendoAngular\\.Actuales\\GestionaTuGim_Final\\app\\utils\\helpers.ts","statementMap":{"0":{"start":{"line":2,"column":4},"end":{"line":2,"column":63}},"1":{"start":{"line":6,"column":2},"end":{"line":6,"column":34}},"2":{"start":{"line":10,"column":4},"end":{"line":10,"column":36}},"3":{"start":{"line":14,"column":2},"end":{"line":14,"column":34}},"4":{"start":{"line":18,"column":2},"end":{"line":18,"column":29}},"5":{"start":{"line":23,"column":2},"end":{"line":23,"column":61}},"6":{"start":{"line":24,"column":2},"end":{"line":24,"column":20}},"7":{"start":{"line":34,"column":14},"end":{"line":34,"column":78}},"8":{"start":{"line":35,"column":17},"end":{"line":35,"column":19}},"9":{"start":{"line":36,"column":4},"end":{"line":38,"column":5}},"10":{"start":{"line":36,"column":14},"end":{"line":36,"column":15}},"11":{"start":{"line":37,"column":6},"end":{"line":37,"column":69}},"12":{"start":{"line":40,"column":2},"end":{"line":40,"column":18}}},"fnMap":{"0":{"name":"randoNumber","decl":{"start":{"line":1,"column":24},"end":{"line":1,"column":35}},"loc":{"start":{"line":1,"column":62},"end":{"line":3,"column":1}},"line":1},"1":{"name":"generatePagoId","decl":{"start":{"line":5,"column":16},"end":{"line":5,"column":30}},"loc":{"start":{"line":5,"column":33},"end":{"line":7,"column":1}},"line":5},"2":{"name":"generateSuscriptorId","decl":{"start":{"line":9,"column":16},"end":{"line":9,"column":36}},"loc":{"start":{"line":9,"column":39},"end":{"line":11,"column":1}},"line":9},"3":{"name":"generateUsuarioId","decl":{"start":{"line":13,"column":16},"end":{"line":13,"column":33}},"loc":{"start":{"line":13,"column":36},"end":{"line":15,"column":1}},"line":13},"4":{"name":"generateNumeroSocio","decl":{"start":{"line":17,"column":16},"end":{"line":17,"column":35}},"loc":{"start":{"line":17,"column":38},"end":{"line":19,"column":1}},"line":17},"5":{"name":"sumarDiasAFechas","decl":{"start":{"line":22,"column":16},"end":{"line":22,"column":32}},"loc":{"start":{"line":22,"column":78},"end":{"line":25,"column":1}},"line":22},"6":{"name":"generatePassword","decl":{"start":{"line":33,"column":16},"end":{"line":33,"column":32}},"loc":{"start":{"line":33,"column":49},"end":{"line":41,"column":1}},"line":33}},"branchMap":{},"s":{"0":102,"1":29,"2":27,"3":19,"4":27,"5":11,"6":11,"7":19,"8":19,"9":19,"10":19,"11":190,"12":19},"f":{"0":102,"1":29,"2":27,"3":19,"4":27,"5":11,"6":19},"b":{},"_coverageSchema":"1a1c01bbd47fc00a2c39e90264f33305004495a9","hash":"6af0088ab341dd4870f992664a894043e9143cbd"}
,"C:\\Users\\juanp\\OneDrive\\Documentos\\Programacion\\AprendiendoAngular\\.Actuales\\GestionaTuGim_Final\\test\\services\\PagadorServiceMock.ts": {"path":"C:\\Users\\juanp\\OneDrive\\Documentos\\Programacion\\AprendiendoAngular\\.Actuales\\GestionaTuGim_Final\\test\\services\\PagadorServiceMock.ts","statementMap":{"0":{"start":{"line":11,"column":20},"end":{"line":11,"column":38}},"1":{"start":{"line":18,"column":19},"end":{"line":18,"column":29}},"2":{"start":{"line":19,"column":12},"end":{"line":19,"column":83}},"3":{"start":{"line":20,"column":12},"end":{"line":20,"column":62}},"4":{"start":{"line":21,"column":12},"end":{"line":21,"column":48}},"5":{"start":{"line":22,"column":12},"end":{"line":22,"column":65}},"6":{"start":{"line":23,"column":12},"end":{"line":23,"column":53}},"7":{"start":{"line":24,"column":12},"end":{"line":24,"column":52}},"8":{"start":{"line":25,"column":12},"end":{"line":25,"column":51}},"9":{"start":{"line":28,"column":11},"end":{"line":28,"column":90}},"10":{"start":{"line":30,"column":8},"end":{"line":30,"column":86}},"11":{"start":{"line":32,"column":8},"end":{"line":32,"column":20}},"12":{"start":{"line":41,"column":4},"end":{"line":49,"column":5}},"13":{"start":{"line":42,"column":8},"end":{"line":42,"column":45}},"14":{"start":{"line":43,"column":11},"end":{"line":49,"column":5}},"15":{"start":{"line":44,"column":8},"end":{"line":44,"column":42}},"16":{"start":{"line":45,"column":11},"end":{"line":49,"column":5}},"17":{"start":{"line":46,"column":8},"end":{"line":46,"column":46}},"18":{"start":{"line":48,"column":8},"end":{"line":48,"column":42}}},"fnMap":{"0":{"name":"(anonymous_0)","decl":{"start":{"line":15,"column":4},"end":{"line":15,"column":5}},"loc":{"start":{"line":15,"column":18},"end":{"line":15,"column":20}},"line":15},"1":{"name":"(anonymous_1)","decl":{"start":{"line":17,"column":4},"end":{"line":17,"column":5}},"loc":{"start":{"line":17,"column":61},"end":{"line":33,"column":5}},"line":17},"2":{"name":"getValorSuscripcionAPagar","decl":{"start":{"line":39,"column":9},"end":{"line":39,"column":34}},"loc":{"start":{"line":39,"column":94},"end":{"line":51,"column":1}},"line":39}},"branchMap":{"0":{"loc":{"start":{"line":41,"column":4},"end":{"line":49,"column":5}},"type":"if","locations":[{"start":{"line":41,"column":4},"end":{"line":49,"column":5}},{"start":{"line":43,"column":11},"end":{"line":49,"column":5}}],"line":41},"1":{"loc":{"start":{"line":43,"column":11},"end":{"line":49,"column":5}},"type":"if","locations":[{"start":{"line":43,"column":11},"end":{"line":49,"column":5}},{"start":{"line":45,"column":11},"end":{"line":49,"column":5}}],"line":43},"2":{"loc":{"start":{"line":45,"column":11},"end":{"line":49,"column":5}},"type":"if","locations":[{"start":{"line":45,"column":11},"end":{"line":49,"column":5}},{"start":{"line":47,"column":12},"end":{"line":49,"column":5}}],"line":45}},"s":{"0":1,"1":7,"2":7,"3":7,"4":7,"5":7,"6":7,"7":7,"8":7,"9":7,"10":7,"11":7,"12":7,"13":7,"14":0,"15":0,"16":0,"17":0,"18":0},"f":{"0":1,"1":7,"2":7},"b":{"0":[7,0],"1":[0,0],"2":[0,0]},"_coverageSchema":"1a1c01bbd47fc00a2c39e90264f33305004495a9","hash":"f83827e2169607c13b1745f9074198ba7d332ad7"}
,"C:\\Users\\juanp\\OneDrive\\Documentos\\Programacion\\AprendiendoAngular\\.Actuales\\GestionaTuGim_Final\\test\\utils\\CrearPagos.ts": {"path":"C:\\Users\\juanp\\OneDrive\\Documentos\\Programacion\\AprendiendoAngular\\.Actuales\\GestionaTuGim_Final\\test\\utils\\CrearPagos.ts","statementMap":{"0":{"start":{"line":11,"column":8},"end":{"line":11,"column":30}},"1":{"start":{"line":15,"column":20},"end":{"line":15,"column":30}},"2":{"start":{"line":16,"column":8},"end":{"line":16,"column":51}},"3":{"start":{"line":17,"column":8},"end":{"line":17,"column":38}},"4":{"start":{"line":19,"column":20},"end":{"line":19,"column":30}},"5":{"start":{"line":20,"column":8},"end":{"line":20,"column":51}},"6":{"start":{"line":21,"column":8},"end":{"line":21,"column":38}},"7":{"start":{"line":23,"column":20},"end":{"line":23,"column":30}},"8":{"start":{"line":24,"column":8},"end":{"line":24,"column":51}},"9":{"start":{"line":25,"column":8},"end":{"line":25,"column":38}},"10":{"start":{"line":28,"column":8},"end":{"line":28,"column":50}},"11":{"start":{"line":30,"column":8},"end":{"line":30,"column":32}},"12":{"start":{"line":34,"column":20},"end":{"line":34,"column":30}},"13":{"start":{"line":35,"column":8},"end":{"line":35,"column":51}},"14":{"start":{"line":36,"column":8},"end":{"line":36,"column":38}},"15":{"start":{"line":38,"column":8},"end":{"line":38,"column":21}}},"fnMap":{"0":{"name":"(anonymous_0)","decl":{"start":{"line":10,"column":4},"end":{"line":10,"column":5}},"loc":{"start":{"line":10,"column":18},"end":{"line":12,"column":5}},"line":10},"1":{"name":"(anonymous_1)","decl":{"start":{"line":14,"column":4},"end":{"line":14,"column":5}},"loc":{"start":{"line":14,"column":25},"end":{"line":31,"column":5}},"line":14},"2":{"name":"(anonymous_2)","decl":{"start":{"line":33,"column":4},"end":{"line":33,"column":5}},"loc":{"start":{"line":33,"column":19},"end":{"line":39,"column":5}},"line":33}},"branchMap":{},"s":{"0":2,"1":1,"2":1,"3":1,"4":1,"5":1,"6":1,"7":1,"8":1,"9":1,"10":1,"11":1,"12":3,"13":3,"14":3,"15":3},"f":{"0":2,"1":1,"2":3},"b":{},"_coverageSchema":"1a1c01bbd47fc00a2c39e90264f33305004495a9","hash":"c6b3be9e61af9291a93f1928ffc60e4908894f02"}
,"C:\\Users\\juanp\\OneDrive\\Documentos\\Programacion\\AprendiendoAngular\\.Actuales\\GestionaTuGim_Final\\test\\utils\\CrearSuscriptores.ts": {"path":"C:\\Users\\juanp\\OneDrive\\Documentos\\Programacion\\AprendiendoAngular\\.Actuales\\GestionaTuGim_Final\\test\\utils\\CrearSuscriptores.ts","statementMap":{"0":{"start":{"line":9,"column":8},"end":{"line":9,"column":37}},"1":{"start":{"line":13,"column":26},"end":{"line":13,"column":42}},"2":{"start":{"line":14,"column":8},"end":{"line":14,"column":41}},"3":{"start":{"line":15,"column":8},"end":{"line":15,"column":63}},"4":{"start":{"line":17,"column":26},"end":{"line":17,"column":42}},"5":{"start":{"line":18,"column":8},"end":{"line":18,"column":36}},"6":{"start":{"line":19,"column":8},"end":{"line":19,"column":60}},"7":{"start":{"line":21,"column":26},"end":{"line":21,"column":42}},"8":{"start":{"line":22,"column":8},"end":{"line":22,"column":38}},"9":{"start":{"line":23,"column":8},"end":{"line":23,"column":62}},"10":{"start":{"line":25,"column":8},"end":{"line":25,"column":74}},"11":{"start":{"line":27,"column":8},"end":{"line":27,"column":39}},"12":{"start":{"line":31,"column":26},"end":{"line":31,"column":42}},"13":{"start":{"line":32,"column":8},"end":{"line":32,"column":41}},"14":{"start":{"line":33,"column":8},"end":{"line":33,"column":63}},"15":{"start":{"line":34,"column":8},"end":{"line":34,"column":34}},"16":{"start":{"line":35,"column":8},"end":{"line":35,"column":61}},"17":{"start":{"line":36,"column":8},"end":{"line":36,"column":73}},"18":{"start":{"line":37,"column":8},"end":{"line":37,"column":27}}},"fnMap":{"0":{"name":"(anonymous_0)","decl":{"start":{"line":8,"column":4},"end":{"line":8,"column":5}},"loc":{"start":{"line":8,"column":18},"end":{"line":10,"column":5}},"line":8},"1":{"name":"(anonymous_1)","decl":{"start":{"line":12,"column":4},"end":{"line":12,"column":5}},"loc":{"start":{"line":12,"column":32},"end":{"line":28,"column":5}},"line":12},"2":{"name":"(anonymous_2)","decl":{"start":{"line":30,"column":4},"end":{"line":30,"column":5}},"loc":{"start":{"line":30,"column":25},"end":{"line":38,"column":5}},"line":30}},"branchMap":{},"s":{"0":3,"1":1,"2":1,"3":1,"4":1,"5":1,"6":1,"7":1,"8":1,"9":1,"10":1,"11":1,"12":2,"13":2,"14":2,"15":2,"16":2,"17":2,"18":2},"f":{"0":3,"1":1,"2":2},"b":{},"_coverageSchema":"1a1c01bbd47fc00a2c39e90264f33305004495a9","hash":"891d39e6b958167696ce2c1f6a170ded69e63cb8"}
,"C:\\Users\\juanp\\OneDrive\\Documentos\\Programacion\\AprendiendoAngular\\.Actuales\\GestionaTuGim_Final\\test\\utils\\CrearUsuarios.ts": {"path":"C:\\Users\\juanp\\OneDrive\\Documentos\\Programacion\\AprendiendoAngular\\.Actuales\\GestionaTuGim_Final\\test\\utils\\CrearUsuarios.ts","statementMap":{"0":{"start":{"line":8,"column":8},"end":{"line":8,"column":33}},"1":{"start":{"line":12,"column":23},"end":{"line":12,"column":36}},"2":{"start":{"line":13,"column":8},"end":{"line":13,"column":45}},"3":{"start":{"line":14,"column":8},"end":{"line":14,"column":45}},"4":{"start":{"line":16,"column":23},"end":{"line":16,"column":36}},"5":{"start":{"line":17,"column":8},"end":{"line":17,"column":43}},"6":{"start":{"line":18,"column":8},"end":{"line":18,"column":43}},"7":{"start":{"line":20,"column":23},"end":{"line":20,"column":36}},"8":{"start":{"line":21,"column":8},"end":{"line":21,"column":42}},"9":{"start":{"line":22,"column":8},"end":{"line":22,"column":42}},"10":{"start":{"line":24,"column":8},"end":{"line":24,"column":61}},"11":{"start":{"line":26,"column":8},"end":{"line":26,"column":35}},"12":{"start":{"line":30,"column":23},"end":{"line":30,"column":36}},"13":{"start":{"line":31,"column":8},"end":{"line":31,"column":45}},"14":{"start":{"line":32,"column":8},"end":{"line":32,"column":45}},"15":{"start":{"line":34,"column":8},"end":{"line":34,"column":24}}},"fnMap":{"0":{"name":"(anonymous_0)","decl":{"start":{"line":7,"column":4},"end":{"line":7,"column":5}},"loc":{"start":{"line":7,"column":18},"end":{"line":9,"column":5}},"line":7},"1":{"name":"(anonymous_1)","decl":{"start":{"line":11,"column":4},"end":{"line":11,"column":5}},"loc":{"start":{"line":11,"column":28},"end":{"line":27,"column":5}},"line":11},"2":{"name":"(anonymous_2)","decl":{"start":{"line":29,"column":4},"end":{"line":29,"column":5}},"loc":{"start":{"line":29,"column":22},"end":{"line":35,"column":5}},"line":29}},"branchMap":{},"s":{"0":10,"1":1,"2":1,"3":1,"4":1,"5":1,"6":1,"7":1,"8":1,"9":1,"10":1,"11":1,"12":9,"13":9,"14":9,"15":9},"f":{"0":10,"1":1,"2":9},"b":{},"_coverageSchema":"1a1c01bbd47fc00a2c39e90264f33305004495a9","hash":"a11b2a17075c263a2e391693c41bbe023047701d"}
}
