TN:
SF:app\error\ErrorExternoAlPasarParams.ts
FN:3,(anonymous_0)
FNF:1
FNH:1
FNDA:7,(anonymous_0)
DA:4,7
LF:1
LH:1
BRF:0
BRH:0
end_of_record
TN:
SF:app\interfaces\ISuscripciones.ts
FNF:0
FNH:0
LF:0
LH:0
BRF:0
BRH:0
end_of_record
TN:
SF:app\models\main\pago\Pago.ts
FN:20,(anonymous_0)
FN:30,(anonymous_1)
FN:41,(anonymous_2)
FN:46,(anonymous_3)
FN:50,(anonymous_4)
FN:55,(anonymous_5)
FN:64,(anonymous_6)
FN:70,(anonymous_7)
FN:74,(anonymous_8)
FN:79,(anonymous_9)
FN:84,(anonymous_10)
FN:89,(anonymous_11)
FN:95,(anonymous_12)
FN:99,(anonymous_13)
FN:104,(anonymous_14)
FN:108,(anonymous_15)
FN:113,(anonymous_16)
FNF:17
FNH:17
FNDA:29,(anonymous_0)
FNDA:9,(anonymous_1)
FNDA:6,(anonymous_2)
FNDA:8,(anonymous_3)
FNDA:4,(anonymous_4)
FNDA:10,(anonymous_5)
FNDA:5,(anonymous_6)
FNDA:8,(anonymous_7)
FNDA:4,(anonymous_8)
FNDA:14,(anonymous_9)
FNDA:5,(anonymous_10)
FNDA:2,(anonymous_11)
FNDA:13,(anonymous_12)
FNDA:4,(anonymous_13)
FNDA:8,(anonymous_14)
FNDA:8,(anonymous_15)
FNDA:10,(anonymous_16)
DA:21,29
DA:22,29
DA:23,29
DA:24,29
DA:25,29
DA:26,29
DA:33,9
DA:34,1
DA:37,8
DA:42,6
DA:47,8
DA:51,4
DA:57,10
DA:58,2
DA:61,8
DA:65,5
DA:71,8
DA:75,4
DA:81,14
DA:85,5
DA:90,2
DA:96,13
DA:100,4
DA:105,8
DA:109,8
DA:114,10
LF:26
LH:26
BRDA:33,0,0,1
BRDA:33,0,1,8
BRDA:57,1,0,2
BRDA:57,1,1,8
BRDA:57,2,0,10
BRDA:57,2,1,9
BRF:6
BRH:6
end_of_record
TN:
SF:app\models\main\pagoFilter\PagoFilter.ts
FN:16,(anonymous_0)
FN:25,(anonymous_1)
FN:29,(anonymous_2)
FN:34,(anonymous_3)
FN:38,(anonymous_4)
FN:43,(anonymous_5)
FN:52,(anonymous_6)
FN:56,(anonymous_7)
FN:65,(anonymous_8)
FN:70,(anonymous_9)
FN:74,(anonymous_10)
FNF:11
FNH:11
FNDA:10,(anonymous_0)
FNDA:1,(anonymous_1)
FNDA:2,(anonymous_2)
FNDA:1,(anonymous_3)
FNDA:2,(anonymous_4)
FNDA:3,(anonymous_5)
FNDA:2,(anonymous_6)
FNDA:1,(anonymous_7)
FNDA:2,(anonymous_8)
FNDA:1,(anonymous_9)
FNDA:2,(anonymous_10)
DA:6,1
DA:17,10
DA:18,10
DA:19,10
DA:20,10
DA:21,10
DA:26,1
DA:30,2
DA:35,1
DA:39,2
DA:45,3
DA:46,3
DA:47,2
DA:49,1
DA:53,2
DA:58,1
DA:59,1
DA:60,0
DA:62,1
DA:66,2
DA:71,1
DA:75,2
LF:22
LH:21
BRDA:46,0,0,2
BRDA:46,0,1,1
BRDA:46,1,0,3
BRDA:46,1,1,2
BRDA:59,2,0,0
BRDA:59,2,1,1
BRDA:59,3,0,1
BRDA:59,3,1,1
BRF:8
BRH:7
end_of_record
TN:
SF:app\models\main\suscripcion\Suscripcion.ts
FN:10,(anonymous_0)
FN:16,(anonymous_1)
FN:20,(anonymous_2)
FN:25,(anonymous_3)
FN:33,(anonymous_4)
FNF:5
FNH:3
FNDA:65,(anonymous_0)
FNDA:0,(anonymous_1)
FNDA:0,(anonymous_2)
FNDA:1,(anonymous_3)
FNDA:1,(anonymous_4)
DA:11,65
DA:12,65
DA:17,0
DA:21,0
DA:26,1
DA:27,0
DA:30,1
DA:34,1
LF:8
LH:5
BRDA:26,0,0,0
BRDA:26,0,1,1
BRF:2
BRH:1
end_of_record
TN:
SF:app\models\main\suscriptor\Suscriptor.ts
FN:21,(anonymous_0)
FN:30,(anonymous_1)
FN:34,(anonymous_2)
FN:39,(anonymous_3)
FN:43,(anonymous_4)
FN:48,(anonymous_5)
FN:55,(anonymous_6)
FN:60,(anonymous_7)
FN:64,(anonymous_8)
FN:69,(anonymous_9)
FN:73,(anonymous_10)
FN:78,(anonymous_11)
FN:82,(anonymous_12)
FN:87,(anonymous_13)
FN:93,(anonymous_14)
FN:98,(anonymous_15)
FN:102,(anonymous_16)
FN:111,(anonymous_17)
FN:120,(anonymous_18)
FNF:19
FNH:19
FNDA:27,(anonymous_0)
FNDA:7,(anonymous_1)
FNDA:5,(anonymous_2)
FNDA:1,(anonymous_3)
FNDA:1,(anonymous_4)
FNDA:5,(anonymous_5)
FNDA:1,(anonymous_6)
FNDA:3,(anonymous_7)
FNDA:1,(anonymous_8)
FNDA:1,(anonymous_9)
FNDA:3,(anonymous_10)
FNDA:6,(anonymous_11)
FNDA:17,(anonymous_12)
FNDA:1,(anonymous_13)
FNDA:3,(anonymous_14)
FNDA:5,(anonymous_15)
FNDA:4,(anonymous_16)
FNDA:9,(anonymous_17)
FNDA:14,(anonymous_18)
DA:22,27
DA:23,27
DA:24,27
DA:25,27
DA:26,27
DA:31,7
DA:35,5
DA:40,1
DA:44,1
DA:49,5
DA:50,2
DA:52,3
DA:56,1
DA:61,3
DA:65,1
DA:70,1
DA:74,3
DA:79,6
DA:83,17
DA:88,1
DA:94,3
DA:99,5
DA:103,4
DA:113,9
DA:115,9
DA:117,9
DA:121,14
LF:27
LH:27
BRDA:49,0,0,2
BRDA:49,0,1,3
BRDA:49,1,0,5
BRDA:49,1,1,4
BRDA:111,2,0,1
BRF:5
BRH:5
end_of_record
TN:
SF:app\models\main\usuario\Usuario.ts
FN:9,(anonymous_0)
FN:14,(anonymous_1)
FN:18,(anonymous_2)
FN:23,(anonymous_3)
FN:27,(anonymous_4)
FN:32,(anonymous_5)
FNF:6
FNH:6
FNDA:19,(anonymous_0)
FNDA:12,(anonymous_1)
FNDA:6,(anonymous_2)
FNDA:12,(anonymous_3)
FNDA:1,(anonymous_4)
FNDA:2,(anonymous_5)
DA:10,19
DA:11,19
DA:15,12
DA:19,6
DA:24,12
DA:28,1
DA:33,2
LF:7
LH:7
BRF:0
BRH:0
end_of_record
TN:
SF:app\services\PagadorService.ts
FNF:0
FNH:0
LF:0
LH:0
BRF:0
BRH:0
end_of_record
TN:
SF:app\utils\ConfiguracionesENV.ts
FNF:0
FNH:0
DA:7,6
DA:10,6
DA:11,6
DA:14,6
DA:15,6
DA:16,6
DA:19,6
DA:20,6
DA:21,6
DA:24,6
DA:25,6
DA:26,6
DA:27,6
DA:30,6
DA:33,6
DA:36,6
DA:39,6
DA:40,6
DA:41,6
DA:44,6
DA:48,6
LF:21
LH:21
BRF:0
BRH:0
end_of_record
TN:
SF:app\utils\CustomLogger.ts
FN:2,(anonymous_0)
FN:4,(anonymous_1)
FN:8,(anonymous_2)
FN:12,(anonymous_3)
FNF:4
FNH:2
FNDA:9,(anonymous_0)
FNDA:0,(anonymous_1)
FNDA:21,(anonymous_2)
FNDA:0,(anonymous_3)
DA:5,0
DA:9,21
DA:13,0
LF:3
LH:1
BRF:0
BRH:0
end_of_record
TN:
SF:app\utils\helpers.ts
FN:1,randoNumber
FN:5,generatePagoId
FN:9,generateSuscriptorId
FN:13,generateUsuarioId
FN:17,generateNumeroSocio
FN:22,sumarDiasAFechas
FN:33,generatePassword
FNF:7
FNH:7
FNDA:102,randoNumber
FNDA:29,generatePagoId
FNDA:27,generateSuscriptorId
FNDA:19,generateUsuarioId
FNDA:27,generateNumeroSocio
FNDA:11,sumarDiasAFechas
FNDA:19,generatePassword
DA:2,102
DA:6,29
DA:10,27
DA:14,19
DA:18,27
DA:23,11
DA:24,11
DA:34,19
DA:35,19
DA:36,19
DA:37,190
DA:40,19
LF:12
LH:12
BRF:0
BRH:0
end_of_record
TN:
SF:test\services\PagadorServiceMock.ts
FN:15,(anonymous_0)
FN:17,(anonymous_1)
FN:39,getValorSuscripcionAPagar
FNF:3
FNH:3
FNDA:1,(anonymous_0)
FNDA:7,(anonymous_1)
FNDA:7,getValorSuscripcionAPagar
DA:11,1
DA:18,7
DA:19,7
DA:20,7
DA:21,7
DA:22,7
DA:23,7
DA:24,7
DA:25,7
DA:28,7
DA:30,7
DA:32,7
DA:41,7
DA:42,7
DA:43,0
DA:44,0
DA:45,0
DA:46,0
DA:48,0
LF:19
LH:14
BRDA:41,0,0,7
BRDA:41,0,1,0
BRDA:43,1,0,0
BRDA:43,1,1,0
BRDA:45,2,0,0
BRDA:45,2,1,0
BRF:6
BRH:1
end_of_record
TN:
SF:test\utils\CrearPagos.ts
FN:10,(anonymous_0)
FN:14,(anonymous_1)
FN:33,(anonymous_2)
FNF:3
FNH:3
FNDA:2,(anonymous_0)
FNDA:1,(anonymous_1)
FNDA:3,(anonymous_2)
DA:11,2
DA:15,1
DA:16,1
DA:17,1
DA:19,1
DA:20,1
DA:21,1
DA:23,1
DA:24,1
DA:25,1
DA:28,1
DA:30,1
DA:34,3
DA:35,3
DA:36,3
DA:38,3
LF:16
LH:16
BRF:0
BRH:0
end_of_record
TN:
SF:test\utils\CrearSuscriptores.ts
FN:8,(anonymous_0)
FN:12,(anonymous_1)
FN:30,(anonymous_2)
FNF:3
FNH:3
FNDA:3,(anonymous_0)
FNDA:1,(anonymous_1)
FNDA:2,(anonymous_2)
DA:9,3
DA:13,1
DA:14,1
DA:15,1
DA:17,1
DA:18,1
DA:19,1
DA:21,1
DA:22,1
DA:23,1
DA:25,1
DA:27,1
DA:31,2
DA:32,2
DA:33,2
DA:34,2
DA:35,2
DA:36,2
DA:37,2
LF:19
LH:19
BRF:0
BRH:0
end_of_record
TN:
SF:test\utils\CrearUsuarios.ts
FN:7,(anonymous_0)
FN:11,(anonymous_1)
FN:29,(anonymous_2)
FNF:3
FNH:3
FNDA:10,(anonymous_0)
FNDA:1,(anonymous_1)
FNDA:9,(anonymous_2)
DA:8,10
DA:12,1
DA:13,1
DA:14,1
DA:16,1
DA:17,1
DA:18,1
DA:20,1
DA:21,1
DA:22,1
DA:24,1
DA:26,1
DA:30,9
DA:31,9
DA:32,9
DA:34,9
LF:16
LH:16
BRF:0
BRH:0
end_of_record
